<?xml version="1.0" encoding="UTF-8"?>
<!-- Generated by org.testng.reporters.JUnitXMLReporter -->
<testsuite hostname="DESKTOP-0EHBFCG" ignored="0" name="Test Maven Testing" tests="12" failures="0" timestamp="29 Dec 2020 05:30:40 GMT" time="0.06" errors="0">
  <testcase name="Div" time="0.015" classname="com.qa.tests.DemoTest"/>
  <testcase name="Mul" time="0.001" classname="com.qa.tests.DemoTest"/>
  <testcase name="Sub" time="0.001" classname="com.qa.tests.DemoTest"/>
  <testcase name="Sum" time="0.001" classname="com.qa.tests.DemoTest"/>
  <testcase name="Div" time="0.0" classname="com.qa.tests.DemoTest1"/>
  <testcase name="Mul" time="0.001" classname="com.qa.tests.DemoTest1"/>
  <testcase name="Sub" time="0.001" classname="com.qa.tests.DemoTest1"/>
  <testcase name="Sum" time="0.0" classname="com.qa.tests.DemoTest1"/>
  <testcase name="Div" time="0.0" classname="com.qa.tests.DemoTest2"/>
  <testcase name="Mul" time="0.0" classname="com.qa.tests.DemoTest2"/>
  <testcase name="Sub" time="0.001" classname="com.qa.tests.DemoTest2"/>
  <testcase name="Sum" time="0.001" classname="com.qa.tests.DemoTest2"/>
</testsuite> <!-- Test Maven Testing -->
