<?xml version="1.0" encoding="UTF-8"?>
<!-- Generated by org.testng.reporters.JUnitXMLReporter -->
<testsuite hostname="DESKTOP-0EHBFCG" ignored="0" name="Default test" tests="4" failures="0" timestamp="28 Dec 2020 17:44:06 GMT" time="0.054" errors="0">
  <testcase name="Div" time="0.013" classname="com.qa.tests.DemoTest"/>
  <testcase name="Mul" time="0.002" classname="com.qa.tests.DemoTest"/>
  <testcase name="Sub" time="0.002" classname="com.qa.tests.DemoTest"/>
  <testcase name="Sum" time="0.002" classname="com.qa.tests.DemoTest"/>
</testsuite> <!-- Default test -->
