<?xml version="1.0" encoding="UTF-8"?>
<testng-results skipped="0" failed="0" ignored="0" total="12" passed="12">
  <reporter-output>
  </reporter-output>
  <suite name="Test Maven Suite" duration-ms="60" started-at="2020-12-29T05:30:39Z" finished-at="2020-12-29T05:30:39Z">
    <groups>
    </groups>
    <test name="Test Maven Testing" duration-ms="60" started-at="2020-12-29T05:30:39Z" finished-at="2020-12-29T05:30:39Z">
      <class name="com.qa.tests.DemoTest">
        <test-method status="PASS" signature="Div()[pri:0, instance:com.qa.tests.DemoTest@4c203ea1]" name="Div" duration-ms="15" started-at="2020-12-29T11:00:39Z" finished-at="2020-12-29T11:00:39Z">
          <reporter-output>
          </reporter-output>
        </test-method> <!-- Div -->
        <test-method status="PASS" signature="Mul()[pri:0, instance:com.qa.tests.DemoTest@4c203ea1]" name="Mul" duration-ms="1" started-at="2020-12-29T11:00:39Z" finished-at="2020-12-29T11:00:39Z">
          <reporter-output>
          </reporter-output>
        </test-method> <!-- Mul -->
        <test-method status="PASS" signature="Sub()[pri:0, instance:com.qa.tests.DemoTest@4c203ea1]" name="Sub" duration-ms="1" started-at="2020-12-29T11:00:39Z" finished-at="2020-12-29T11:00:39Z">
          <reporter-output>
          </reporter-output>
        </test-method> <!-- Sub -->
        <test-method status="PASS" signature="Sum()[pri:0, instance:com.qa.tests.DemoTest@4c203ea1]" name="Sum" duration-ms="1" started-at="2020-12-29T11:00:39Z" finished-at="2020-12-29T11:00:39Z">
          <reporter-output>
          </reporter-output>
        </test-method> <!-- Sum -->
      </class> <!-- com.qa.tests.DemoTest -->
      <class name="com.qa.tests.DemoTest1">
        <test-method status="PASS" signature="Div()[pri:0, instance:com.qa.tests.DemoTest1@48140564]" name="Div" duration-ms="0" started-at="2020-12-29T11:00:39Z" finished-at="2020-12-29T11:00:39Z">
          <reporter-output>
          </reporter-output>
        </test-method> <!-- Div -->
        <test-method status="PASS" signature="Mul()[pri:0, instance:com.qa.tests.DemoTest1@48140564]" name="Mul" duration-ms="1" started-at="2020-12-29T11:00:39Z" finished-at="2020-12-29T11:00:39Z">
          <reporter-output>
          </reporter-output>
        </test-method> <!-- Mul -->
        <test-method status="PASS" signature="Sub()[pri:0, instance:com.qa.tests.DemoTest1@48140564]" name="Sub" duration-ms="1" started-at="2020-12-29T11:00:39Z" finished-at="2020-12-29T11:00:39Z">
          <reporter-output>
          </reporter-output>
        </test-method> <!-- Sub -->
        <test-method status="PASS" signature="Sum()[pri:0, instance:com.qa.tests.DemoTest1@48140564]" name="Sum" duration-ms="0" started-at="2020-12-29T11:00:39Z" finished-at="2020-12-29T11:00:39Z">
          <reporter-output>
          </reporter-output>
        </test-method> <!-- Sum -->
      </class> <!-- com.qa.tests.DemoTest1 -->
      <class name="com.qa.tests.DemoTest2">
        <test-method status="PASS" signature="Div()[pri:0, instance:com.qa.tests.DemoTest2@58ceff1]" name="Div" duration-ms="0" started-at="2020-12-29T11:00:39Z" finished-at="2020-12-29T11:00:39Z">
          <reporter-output>
          </reporter-output>
        </test-method> <!-- Div -->
        <test-method status="PASS" signature="Mul()[pri:0, instance:com.qa.tests.DemoTest2@58ceff1]" name="Mul" duration-ms="0" started-at="2020-12-29T11:00:39Z" finished-at="2020-12-29T11:00:39Z">
          <reporter-output>
          </reporter-output>
        </test-method> <!-- Mul -->
        <test-method status="PASS" signature="Sub()[pri:0, instance:com.qa.tests.DemoTest2@58ceff1]" name="Sub" duration-ms="1" started-at="2020-12-29T11:00:39Z" finished-at="2020-12-29T11:00:39Z">
          <reporter-output>
          </reporter-output>
        </test-method> <!-- Sub -->
        <test-method status="PASS" signature="Sum()[pri:0, instance:com.qa.tests.DemoTest2@58ceff1]" name="Sum" duration-ms="1" started-at="2020-12-29T11:00:39Z" finished-at="2020-12-29T11:00:39Z">
          <reporter-output>
          </reporter-output>
        </test-method> <!-- Sum -->
      </class> <!-- com.qa.tests.DemoTest2 -->
    </test> <!-- Test Maven Testing -->
  </suite> <!-- Test Maven Suite -->
</testng-results>
