<?xml version="1.0" encoding="UTF-8"?>
<testng-results skipped="0" failed="0" ignored="0" total="4" passed="4">
  <reporter-output>
  </reporter-output>
  <suite name="Default suite" duration-ms="54" started-at="2020-12-28T17:44:06Z" finished-at="2020-12-28T17:44:06Z">
    <groups>
    </groups>
    <test name="Default test" duration-ms="54" started-at="2020-12-28T17:44:06Z" finished-at="2020-12-28T17:44:06Z">
      <class name="com.qa.tests.DemoTest">
        <test-method status="PASS" signature="Div()[pri:0, instance:com.qa.tests.DemoTest@6cc4c815]" name="Div" duration-ms="13" started-at="2020-12-28T23:14:06Z" finished-at="2020-12-28T23:14:06Z">
          <reporter-output>
          </reporter-output>
        </test-method> <!-- Div -->
        <test-method status="PASS" signature="Mul()[pri:0, instance:com.qa.tests.DemoTest@6cc4c815]" name="Mul" duration-ms="2" started-at="2020-12-28T23:14:06Z" finished-at="2020-12-28T23:14:06Z">
          <reporter-output>
          </reporter-output>
        </test-method> <!-- Mul -->
        <test-method status="PASS" signature="Sub()[pri:0, instance:com.qa.tests.DemoTest@6cc4c815]" name="Sub" duration-ms="2" started-at="2020-12-28T23:14:06Z" finished-at="2020-12-28T23:14:06Z">
          <reporter-output>
          </reporter-output>
        </test-method> <!-- Sub -->
        <test-method status="PASS" signature="Sum()[pri:0, instance:com.qa.tests.DemoTest@6cc4c815]" name="Sum" duration-ms="2" started-at="2020-12-28T23:14:06Z" finished-at="2020-12-28T23:14:06Z">
          <reporter-output>
          </reporter-output>
        </test-method> <!-- Sum -->
      </class> <!-- com.qa.tests.DemoTest -->
    </test> <!-- Default test -->
  </suite> <!-- Default suite -->
</testng-results>
